2023-11-19 07:01:42.545  INFO 27888 --- [main] com.example.UMS.UmsApplication           : Starting UmsApplication using Java 20.0.2 on HadjAliMazen with PID 27888 (C:\Users\hadja\Desktop\UMS\backend-UMS\target\classes started by hadja in C:\Users\hadja\Desktop\UMS\backend-UMS)
2023-11-19 07:01:42.552  INFO 27888 --- [main] com.example.UMS.UmsApplication           : No active profile set, falling back to 1 default profile: "default"
2023-11-19 07:01:43.696  INFO 27888 --- [main] .s.d.r.c.RepositoryConfigurationDelegate : Bootstrapping Spring Data JPA repositories in DEFAULT mode.
2023-11-19 07:01:43.780  INFO 27888 --- [main] .s.d.r.c.RepositoryConfigurationDelegate : Finished Spring Data repository scanning in 75 ms. Found 3 JPA repository interfaces.
2023-11-19 07:01:44.516  INFO 27888 --- [main] o.s.b.w.embedded.tomcat.TomcatWebServer  : Tomcat initialized with port(s): 8080 (http)
2023-11-19 07:01:44.526  INFO 27888 --- [main] o.apache.catalina.core.StandardService   : Starting service [Tomcat]
2023-11-19 07:01:44.526  INFO 27888 --- [main] org.apache.catalina.core.StandardEngine  : Starting Servlet engine: [Apache Tomcat/9.0.82]
2023-11-19 07:01:44.649  INFO 27888 --- [main] o.a.c.c.C.[Tomcat].[localhost].[/]       : Initializing Spring embedded WebApplicationContext
2023-11-19 07:01:44.650  INFO 27888 --- [main] w.s.c.ServletWebServerApplicationContext : Root WebApplicationContext: initialization completed in 2049 ms
2023-11-19 07:01:44.913  INFO 27888 --- [main] o.hibernate.jpa.internal.util.LogHelper  : HHH000204: Processing PersistenceUnitInfo [name: default]
2023-11-19 07:01:44.993  INFO 27888 --- [main] org.hibernate.Version                    : HHH000412: Hibernate ORM core version 5.6.15.Final
2023-11-19 07:01:45.190  INFO 27888 --- [main] o.hibernate.annotations.common.Version   : HCANN000001: Hibernate Commons Annotations {5.1.2.Final}
2023-11-19 07:01:45.295  INFO 27888 --- [main] com.zaxxer.hikari.HikariDataSource       : HikariPool-1 - Starting...
2023-11-19 07:01:45.459  INFO 27888 --- [main] com.zaxxer.hikari.HikariDataSource       : HikariPool-1 - Start completed.
2023-11-19 07:01:45.476  INFO 27888 --- [main] org.hibernate.dialect.Dialect            : HHH000400: Using dialect: org.hibernate.dialect.PostgreSQLDialect
2023-11-19 07:01:46.292  INFO 27888 --- [main] o.h.e.t.j.p.i.JtaPlatformInitiator       : HHH000490: Using JtaPlatform implementation: [org.hibernate.engine.transaction.jta.platform.internal.NoJtaPlatform]
2023-11-19 07:01:46.303  INFO 27888 --- [main] j.LocalContainerEntityManagerFactoryBean : Initialized JPA EntityManagerFactory for persistence unit 'default'
2023-11-19 07:01:47.041  INFO 27888 --- [main] c.e.U.f.u.service.impl.UserServiceImpl   : Service create UserEntity called details:CreateUserEntityDto(super=UserEntityDto(id=null, firstname=Mazen, lastname=Hadj Ali, email=hadjalimazen@gmail.com, datenaissance=Sun Nov 19 07:01:47 CET 2023, nationality=Tunisian, adress=Bennane, Monastir, Tunisia, username=superadmin, roleNames=[SUPERADMIN], createdOn=null, lastUpdatedOn=null), password=superadmin)
2023-11-19 07:01:47.435  WARN 27888 --- [main] JpaBaseConfiguration$JpaWebConfiguration : spring.jpa.open-in-view is enabled by default. Therefore, database queries may be performed during view rendering. Explicitly configure spring.jpa.open-in-view to disable this warning
2023-11-19 07:01:47.716  INFO 27888 --- [main] o.s.s.web.DefaultSecurityFilterChain     : Will secure any request with [org.springframework.security.web.session.DisableEncodeUrlFilter@6db59e26, org.springframework.security.web.context.request.async.WebAsyncManagerIntegrationFilter@32aa27a7, org.springframework.security.web.context.SecurityContextPersistenceFilter@49318c2a, org.springframework.security.web.header.HeaderWriterFilter@54972f9a, org.springframework.web.filter.CorsFilter@5c7c22ce, org.springframework.security.web.authentication.logout.LogoutFilter@3ce067bd, com.example.UMS.security.JWTAuthenticationFilter@7f09ff10, org.springframework.security.web.authentication.www.BasicAuthenticationFilter@6e200307, org.springframework.security.web.savedrequest.RequestCacheAwareFilter@59eb987a, org.springframework.security.web.servletapi.SecurityContextHolderAwareRequestFilter@31b4c003, org.springframework.security.web.authentication.AnonymousAuthenticationFilter@738ed8d3, org.springframework.security.web.session.SessionManagementFilter@78b293a, org.springframework.security.web.access.ExceptionTranslationFilter@52539624, org.springframework.security.web.access.intercept.FilterSecurityInterceptor@ea3491d]
2023-11-19 07:01:48.052  INFO 27888 --- [main] o.s.b.w.embedded.tomcat.TomcatWebServer  : Tomcat started on port(s): 8080 (http) with context path ''
2023-11-19 07:01:48.299  INFO 27888 --- [main] com.example.UMS.UmsApplication           : Started UmsApplication in 6.092 seconds (JVM running for 10.178)
2023-11-19 07:02:39.966  INFO 27888 --- [http-nio-8080-exec-1] o.a.c.c.C.[Tomcat].[localhost].[/]       : Initializing Spring DispatcherServlet 'dispatcherServlet'
2023-11-19 07:02:39.966  INFO 27888 --- [http-nio-8080-exec-1] o.s.web.servlet.DispatcherServlet        : Initializing Servlet 'dispatcherServlet'
2023-11-19 07:02:39.966  INFO 27888 --- [http-nio-8080-exec-1] o.s.web.servlet.DispatcherServlet        : Completed initialization in 0 ms
2023-11-19 07:31:33.269  WARN 27888 --- [http-nio-8080-exec-1] c.e.U.f.u.service.impl.UserServiceImpl   : Service update Roles for user: superadmin
2023-11-19 07:49:50.900  INFO 27888 --- [SpringApplicationShutdownHook] j.LocalContainerEntityManagerFactoryBean : Closing JPA EntityManagerFactory for persistence unit 'default'
2023-11-19 07:49:50.902  INFO 27888 --- [SpringApplicationShutdownHook] com.zaxxer.hikari.HikariDataSource       : HikariPool-1 - Shutdown initiated...
2023-11-19 07:49:50.906  INFO 27888 --- [SpringApplicationShutdownHook] com.zaxxer.hikari.HikariDataSource       : HikariPool-1 - Shutdown completed.
2023-11-19 07:49:57.345  INFO 27540 --- [main] com.example.UMS.UmsApplication           : Starting UmsApplication using Java 20.0.2 on HadjAliMazen with PID 27540 (C:\Users\hadja\Desktop\UMS\backend-UMS\target\classes started by hadja in C:\Users\hadja\Desktop\UMS\backend-UMS)
2023-11-19 07:49:57.351  INFO 27540 --- [main] com.example.UMS.UmsApplication           : No active profile set, falling back to 1 default profile: "default"
2023-11-19 07:49:58.019  INFO 27540 --- [main] .s.d.r.c.RepositoryConfigurationDelegate : Bootstrapping Spring Data JPA repositories in DEFAULT mode.
2023-11-19 07:49:58.075  INFO 27540 --- [main] .s.d.r.c.RepositoryConfigurationDelegate : Finished Spring Data repository scanning in 50 ms. Found 3 JPA repository interfaces.
2023-11-19 07:49:58.626  INFO 27540 --- [main] o.s.b.w.embedded.tomcat.TomcatWebServer  : Tomcat initialized with port(s): 8080 (http)
2023-11-19 07:49:58.633  INFO 27540 --- [main] o.apache.catalina.core.StandardService   : Starting service [Tomcat]
2023-11-19 07:49:58.634  INFO 27540 --- [main] org.apache.catalina.core.StandardEngine  : Starting Servlet engine: [Apache Tomcat/9.0.82]
2023-11-19 07:49:58.769  INFO 27540 --- [main] o.a.c.c.C.[Tomcat].[localhost].[/]       : Initializing Spring embedded WebApplicationContext
2023-11-19 07:49:58.769  INFO 27540 --- [main] w.s.c.ServletWebServerApplicationContext : Root WebApplicationContext: initialization completed in 1374 ms
2023-11-19 07:49:58.974  INFO 27540 --- [main] o.hibernate.jpa.internal.util.LogHelper  : HHH000204: Processing PersistenceUnitInfo [name: default]
2023-11-19 07:49:59.025  INFO 27540 --- [main] org.hibernate.Version                    : HHH000412: Hibernate ORM core version 5.6.15.Final
2023-11-19 07:49:59.180  INFO 27540 --- [main] o.hibernate.annotations.common.Version   : HCANN000001: Hibernate Commons Annotations {5.1.2.Final}
2023-11-19 07:49:59.268  INFO 27540 --- [main] com.zaxxer.hikari.HikariDataSource       : HikariPool-1 - Starting...
2023-11-19 07:49:59.376  INFO 27540 --- [main] com.zaxxer.hikari.HikariDataSource       : HikariPool-1 - Start completed.
2023-11-19 07:49:59.393  INFO 27540 --- [main] org.hibernate.dialect.Dialect            : HHH000400: Using dialect: org.hibernate.dialect.PostgreSQLDialect
2023-11-19 07:50:00.053  INFO 27540 --- [main] o.h.e.t.j.p.i.JtaPlatformInitiator       : HHH000490: Using JtaPlatform implementation: [org.hibernate.engine.transaction.jta.platform.internal.NoJtaPlatform]
2023-11-19 07:50:00.061  INFO 27540 --- [main] j.LocalContainerEntityManagerFactoryBean : Initialized JPA EntityManagerFactory for persistence unit 'default'
2023-11-19 07:50:00.622  INFO 27540 --- [main] c.e.U.f.u.service.impl.UserServiceImpl   : Service create UserEntity called details:CreateUserEntityDto(super=UserEntityDto(id=null, firstname=Mazen, lastname=Hadj Ali, email=hadjalimazen@gmail.com, datenaissance=Sun Nov 19 07:50:00 CET 2023, nationality=Tunisian, adress=Bennane, Monastir, Tunisia, username=superadmin, roleNames=[SUPERADMIN], createdOn=null, lastUpdatedOn=null), password=superadmin)
2023-11-19 07:50:00.908  WARN 27540 --- [main] JpaBaseConfiguration$JpaWebConfiguration : spring.jpa.open-in-view is enabled by default. Therefore, database queries may be performed during view rendering. Explicitly configure spring.jpa.open-in-view to disable this warning
2023-11-19 07:50:01.112  INFO 27540 --- [main] o.s.s.web.DefaultSecurityFilterChain     : Will secure any request with [org.springframework.security.web.session.DisableEncodeUrlFilter@34d6e9a4, org.springframework.security.web.context.request.async.WebAsyncManagerIntegrationFilter@515a2afd, org.springframework.security.web.context.SecurityContextPersistenceFilter@4d305059, org.springframework.security.web.header.HeaderWriterFilter@4b98c80c, org.springframework.web.filter.CorsFilter@4822fc53, org.springframework.security.web.authentication.logout.LogoutFilter@31f90517, com.example.UMS.security.JWTAuthenticationFilter@7cb38a6a, org.springframework.security.web.authentication.www.BasicAuthenticationFilter@5e08ed28, org.springframework.security.web.savedrequest.RequestCacheAwareFilter@78b293a, org.springframework.security.web.servletapi.SecurityContextHolderAwareRequestFilter@146b4c6c, org.springframework.security.web.authentication.AnonymousAuthenticationFilter@6e200307, org.springframework.security.web.session.SessionManagementFilter@76e10574, org.springframework.security.web.access.ExceptionTranslationFilter@6dd59886, org.springframework.security.web.access.intercept.FilterSecurityInterceptor@7d619bcb]
2023-11-19 07:50:01.361  INFO 27540 --- [main] o.s.b.w.embedded.tomcat.TomcatWebServer  : Tomcat started on port(s): 8080 (http) with context path ''
2023-11-19 07:50:01.574  INFO 27540 --- [main] com.example.UMS.UmsApplication           : Started UmsApplication in 4.544 seconds (JVM running for 5.359)
2023-11-19 07:58:23.615  INFO 27540 --- [SpringApplicationShutdownHook] j.LocalContainerEntityManagerFactoryBean : Closing JPA EntityManagerFactory for persistence unit 'default'
2023-11-19 07:58:23.615  INFO 27540 --- [SpringApplicationShutdownHook] com.zaxxer.hikari.HikariDataSource       : HikariPool-1 - Shutdown initiated...
2023-11-19 07:58:23.618  INFO 27540 --- [SpringApplicationShutdownHook] com.zaxxer.hikari.HikariDataSource       : HikariPool-1 - Shutdown completed.
2023-11-19 07:58:29.891  INFO 28080 --- [main] com.example.UMS.UmsApplication           : Starting UmsApplication using Java 20.0.2 on HadjAliMazen with PID 28080 (C:\Users\hadja\Desktop\UMS\backend-UMS\target\classes started by hadja in C:\Users\hadja\Desktop\UMS\backend-UMS)
2023-11-19 07:58:29.893  INFO 28080 --- [main] com.example.UMS.UmsApplication           : No active profile set, falling back to 1 default profile: "default"
2023-11-19 07:58:30.662  INFO 28080 --- [main] .s.d.r.c.RepositoryConfigurationDelegate : Bootstrapping Spring Data JPA repositories in DEFAULT mode.
2023-11-19 07:58:30.718  INFO 28080 --- [main] .s.d.r.c.RepositoryConfigurationDelegate : Finished Spring Data repository scanning in 48 ms. Found 3 JPA repository interfaces.
2023-11-19 07:58:31.237  INFO 28080 --- [main] o.s.b.w.embedded.tomcat.TomcatWebServer  : Tomcat initialized with port(s): 8080 (http)
2023-11-19 07:58:31.243  INFO 28080 --- [main] o.apache.catalina.core.StandardService   : Starting service [Tomcat]
2023-11-19 07:58:31.244  INFO 28080 --- [main] org.apache.catalina.core.StandardEngine  : Starting Servlet engine: [Apache Tomcat/9.0.82]
2023-11-19 07:58:31.343  INFO 28080 --- [main] o.a.c.c.C.[Tomcat].[localhost].[/]       : Initializing Spring embedded WebApplicationContext
2023-11-19 07:58:31.343  INFO 28080 --- [main] w.s.c.ServletWebServerApplicationContext : Root WebApplicationContext: initialization completed in 1405 ms
2023-11-19 07:58:31.529  INFO 28080 --- [main] o.hibernate.jpa.internal.util.LogHelper  : HHH000204: Processing PersistenceUnitInfo [name: default]
2023-11-19 07:58:31.565  INFO 28080 --- [main] org.hibernate.Version                    : HHH000412: Hibernate ORM core version 5.6.15.Final
2023-11-19 07:58:31.693  INFO 28080 --- [main] o.hibernate.annotations.common.Version   : HCANN000001: Hibernate Commons Annotations {5.1.2.Final}
2023-11-19 07:58:31.777  INFO 28080 --- [main] com.zaxxer.hikari.HikariDataSource       : HikariPool-1 - Starting...
2023-11-19 07:58:31.877  INFO 28080 --- [main] com.zaxxer.hikari.HikariDataSource       : HikariPool-1 - Start completed.
2023-11-19 07:58:31.890  INFO 28080 --- [main] org.hibernate.dialect.Dialect            : HHH000400: Using dialect: org.hibernate.dialect.PostgreSQLDialect
2023-11-19 07:58:32.472  INFO 28080 --- [main] o.h.e.t.j.p.i.JtaPlatformInitiator       : HHH000490: Using JtaPlatform implementation: [org.hibernate.engine.transaction.jta.platform.internal.NoJtaPlatform]
2023-11-19 07:58:32.480  INFO 28080 --- [main] j.LocalContainerEntityManagerFactoryBean : Initialized JPA EntityManagerFactory for persistence unit 'default'
2023-11-19 07:58:33.036  INFO 28080 --- [main] c.e.U.f.u.service.impl.UserServiceImpl   : Service create UserEntity called details:CreateUserEntityDto(super=UserEntityDto(id=null, firstname=Mazen, lastname=Hadj Ali, email=hadjalimazen@gmail.com, datenaissance=Sun Nov 19 07:58:33 CET 2023, nationality=Tunisian, adress=Bennane, Monastir, Tunisia, username=superadmin, roleNames=[SUPERADMIN], createdOn=null, lastUpdatedOn=null), password=superadmin)
2023-11-19 07:58:33.324  WARN 28080 --- [main] JpaBaseConfiguration$JpaWebConfiguration : spring.jpa.open-in-view is enabled by default. Therefore, database queries may be performed during view rendering. Explicitly configure spring.jpa.open-in-view to disable this warning
2023-11-19 07:58:33.520  INFO 28080 --- [main] o.s.s.web.DefaultSecurityFilterChain     : Will secure any request with [org.springframework.security.web.session.DisableEncodeUrlFilter@130bd00e, org.springframework.security.web.context.request.async.WebAsyncManagerIntegrationFilter@4eb69e8d, org.springframework.security.web.context.SecurityContextPersistenceFilter@515b7335, org.springframework.security.web.header.HeaderWriterFilter@21252bef, org.springframework.web.filter.CorsFilter@78fd1179, org.springframework.security.web.authentication.logout.LogoutFilter@56c7e2d1, com.example.UMS.security.JWTAuthenticationFilter@1299c874, org.springframework.security.web.authentication.www.BasicAuthenticationFilter@b67b359, org.springframework.security.web.savedrequest.RequestCacheAwareFilter@216de23a, org.springframework.security.web.servletapi.SecurityContextHolderAwareRequestFilter@76e10574, org.springframework.security.web.authentication.AnonymousAuthenticationFilter@13cec4ff, org.springframework.security.web.session.SessionManagementFilter@1abb719a, org.springframework.security.web.access.ExceptionTranslationFilter@76a1cc1a, org.springframework.security.web.access.intercept.FilterSecurityInterceptor@1c10eb3a]
2023-11-19 07:58:33.762  INFO 28080 --- [main] o.s.b.w.embedded.tomcat.TomcatWebServer  : Tomcat started on port(s): 8080 (http) with context path ''
2023-11-19 07:58:33.961  INFO 28080 --- [main] com.example.UMS.UmsApplication           : Started UmsApplication in 4.369 seconds (JVM running for 5.097)
2023-11-19 07:59:12.473  INFO 28080 --- [SpringApplicationShutdownHook] j.LocalContainerEntityManagerFactoryBean : Closing JPA EntityManagerFactory for persistence unit 'default'
2023-11-19 07:59:12.474  INFO 28080 --- [SpringApplicationShutdownHook] com.zaxxer.hikari.HikariDataSource       : HikariPool-1 - Shutdown initiated...
2023-11-19 07:59:12.477  INFO 28080 --- [SpringApplicationShutdownHook] com.zaxxer.hikari.HikariDataSource       : HikariPool-1 - Shutdown completed.
2023-11-19 07:59:17.076  INFO 4536 --- [main] com.example.UMS.UmsApplication           : Starting UmsApplication using Java 20.0.2 on HadjAliMazen with PID 4536 (C:\Users\hadja\Desktop\UMS\backend-UMS\target\classes started by hadja in C:\Users\hadja\Desktop\UMS\backend-UMS)
2023-11-19 07:59:17.079  INFO 4536 --- [main] com.example.UMS.UmsApplication           : No active profile set, falling back to 1 default profile: "default"
2023-11-19 07:59:17.813  INFO 4536 --- [main] .s.d.r.c.RepositoryConfigurationDelegate : Bootstrapping Spring Data JPA repositories in DEFAULT mode.
2023-11-19 07:59:17.869  INFO 4536 --- [main] .s.d.r.c.RepositoryConfigurationDelegate : Finished Spring Data repository scanning in 50 ms. Found 3 JPA repository interfaces.
2023-11-19 07:59:18.388  INFO 4536 --- [main] o.s.b.w.embedded.tomcat.TomcatWebServer  : Tomcat initialized with port(s): 8080 (http)
2023-11-19 07:59:18.394  INFO 4536 --- [main] o.apache.catalina.core.StandardService   : Starting service [Tomcat]
2023-11-19 07:59:18.394  INFO 4536 --- [main] org.apache.catalina.core.StandardEngine  : Starting Servlet engine: [Apache Tomcat/9.0.82]
2023-11-19 07:59:18.494  INFO 4536 --- [main] o.a.c.c.C.[Tomcat].[localhost].[/]       : Initializing Spring embedded WebApplicationContext
2023-11-19 07:59:18.494  INFO 4536 --- [main] w.s.c.ServletWebServerApplicationContext : Root WebApplicationContext: initialization completed in 1372 ms
2023-11-19 07:59:18.670  INFO 4536 --- [main] o.hibernate.jpa.internal.util.LogHelper  : HHH000204: Processing PersistenceUnitInfo [name: default]
2023-11-19 07:59:18.718  INFO 4536 --- [main] org.hibernate.Version                    : HHH000412: Hibernate ORM core version 5.6.15.Final
2023-11-19 07:59:18.841  INFO 4536 --- [main] o.hibernate.annotations.common.Version   : HCANN000001: Hibernate Commons Annotations {5.1.2.Final}
2023-11-19 07:59:18.927  INFO 4536 --- [main] com.zaxxer.hikari.HikariDataSource       : HikariPool-1 - Starting...
2023-11-19 07:59:19.057  INFO 4536 --- [main] com.zaxxer.hikari.HikariDataSource       : HikariPool-1 - Start completed.
2023-11-19 07:59:19.075  INFO 4536 --- [main] org.hibernate.dialect.Dialect            : HHH000400: Using dialect: org.hibernate.dialect.PostgreSQLDialect
2023-11-19 07:59:19.666  INFO 4536 --- [main] o.h.e.t.j.p.i.JtaPlatformInitiator       : HHH000490: Using JtaPlatform implementation: [org.hibernate.engine.transaction.jta.platform.internal.NoJtaPlatform]
2023-11-19 07:59:19.674  INFO 4536 --- [main] j.LocalContainerEntityManagerFactoryBean : Initialized JPA EntityManagerFactory for persistence unit 'default'
2023-11-19 07:59:20.241  INFO 4536 --- [main] c.e.U.f.u.service.impl.UserServiceImpl   : Service create UserEntity called details:CreateUserEntityDto(super=UserEntityDto(id=null, firstname=Mazen, lastname=Hadj Ali, email=hadjalimazen@gmail.com, datenaissance=Sun Nov 19 07:59:20 CET 2023, nationality=Tunisian, adress=Bennane, Monastir, Tunisia, username=superadmin, roleNames=[SUPERADMIN], createdOn=null, lastUpdatedOn=null), password=superadmin)
2023-11-19 07:59:20.545  WARN 4536 --- [main] JpaBaseConfiguration$JpaWebConfiguration : spring.jpa.open-in-view is enabled by default. Therefore, database queries may be performed during view rendering. Explicitly configure spring.jpa.open-in-view to disable this warning
2023-11-19 07:59:20.740  INFO 4536 --- [main] o.s.s.web.DefaultSecurityFilterChain     : Will secure any request with [org.springframework.security.web.session.DisableEncodeUrlFilter@4eb69e8d, org.springframework.security.web.context.request.async.WebAsyncManagerIntegrationFilter@78fd1179, org.springframework.security.web.context.SecurityContextPersistenceFilter@102dff25, org.springframework.security.web.header.HeaderWriterFilter@599cf2cd, org.springframework.web.filter.CorsFilter@13cec4ff, org.springframework.security.web.authentication.logout.LogoutFilter@2e549515, com.example.UMS.security.JWTAuthenticationFilter@2adce412, org.springframework.security.web.authentication.www.BasicAuthenticationFilter@98c4a8b, org.springframework.security.web.savedrequest.RequestCacheAwareFilter@76e10574, org.springframework.security.web.servletapi.SecurityContextHolderAwareRequestFilter@7c290246, org.springframework.security.web.authentication.AnonymousAuthenticationFilter@5e08ed28, org.springframework.security.web.session.SessionManagementFilter@706dee4, org.springframework.security.web.access.ExceptionTranslationFilter@597a5ead, org.springframework.security.web.access.intercept.FilterSecurityInterceptor@49f32bcb]
2023-11-19 07:59:20.991  INFO 4536 --- [main] o.s.b.w.embedded.tomcat.TomcatWebServer  : Tomcat started on port(s): 8080 (http) with context path ''
2023-11-19 07:59:21.184  INFO 4536 --- [main] com.example.UMS.UmsApplication           : Started UmsApplication in 4.424 seconds (JVM running for 5.122)
2023-11-19 07:59:52.001  INFO 4536 --- [http-nio-8080-exec-1] o.a.c.c.C.[Tomcat].[localhost].[/]       : Initializing Spring DispatcherServlet 'dispatcherServlet'
2023-11-19 07:59:52.002  INFO 4536 --- [http-nio-8080-exec-1] o.s.web.servlet.DispatcherServlet        : Initializing Servlet 'dispatcherServlet'
2023-11-19 07:59:52.005  INFO 4536 --- [http-nio-8080-exec-1] o.s.web.servlet.DispatcherServlet        : Completed initialization in 3 ms
2023-11-19 08:03:19.786  INFO 4536 --- [SpringApplicationShutdownHook] j.LocalContainerEntityManagerFactoryBean : Closing JPA EntityManagerFactory for persistence unit 'default'
2023-11-19 08:03:19.787  INFO 4536 --- [SpringApplicationShutdownHook] com.zaxxer.hikari.HikariDataSource       : HikariPool-1 - Shutdown initiated...
2023-11-19 08:03:19.790  INFO 4536 --- [SpringApplicationShutdownHook] com.zaxxer.hikari.HikariDataSource       : HikariPool-1 - Shutdown completed.
2023-11-19 08:03:25.446  INFO 23300 --- [main] com.example.UMS.UmsApplication           : Starting UmsApplication using Java 20.0.2 on HadjAliMazen with PID 23300 (C:\Users\hadja\Desktop\UMS\backend-UMS\target\classes started by hadja in C:\Users\hadja\Desktop\UMS\backend-UMS)
2023-11-19 08:03:25.448  INFO 23300 --- [main] com.example.UMS.UmsApplication           : No active profile set, falling back to 1 default profile: "default"
2023-11-19 08:03:26.160  INFO 23300 --- [main] .s.d.r.c.RepositoryConfigurationDelegate : Bootstrapping Spring Data JPA repositories in DEFAULT mode.
2023-11-19 08:03:26.217  INFO 23300 --- [main] .s.d.r.c.RepositoryConfigurationDelegate : Finished Spring Data repository scanning in 51 ms. Found 3 JPA repository interfaces.
2023-11-19 08:03:26.745  INFO 23300 --- [main] o.s.b.w.embedded.tomcat.TomcatWebServer  : Tomcat initialized with port(s): 8080 (http)
2023-11-19 08:03:26.751  INFO 23300 --- [main] o.apache.catalina.core.StandardService   : Starting service [Tomcat]
2023-11-19 08:03:26.751  INFO 23300 --- [main] org.apache.catalina.core.StandardEngine  : Starting Servlet engine: [Apache Tomcat/9.0.82]
2023-11-19 08:03:26.847  INFO 23300 --- [main] o.a.c.c.C.[Tomcat].[localhost].[/]       : Initializing Spring embedded WebApplicationContext
2023-11-19 08:03:26.847  INFO 23300 --- [main] w.s.c.ServletWebServerApplicationContext : Root WebApplicationContext: initialization completed in 1365 ms
2023-11-19 08:03:27.013  INFO 23300 --- [main] o.hibernate.jpa.internal.util.LogHelper  : HHH000204: Processing PersistenceUnitInfo [name: default]
2023-11-19 08:03:27.049  INFO 23300 --- [main] org.hibernate.Version                    : HHH000412: Hibernate ORM core version 5.6.15.Final
2023-11-19 08:03:27.185  INFO 23300 --- [main] o.hibernate.annotations.common.Version   : HCANN000001: Hibernate Commons Annotations {5.1.2.Final}
2023-11-19 08:03:27.325  INFO 23300 --- [main] com.zaxxer.hikari.HikariDataSource       : HikariPool-1 - Starting...
2023-11-19 08:03:27.558  INFO 23300 --- [main] com.zaxxer.hikari.HikariDataSource       : HikariPool-1 - Start completed.
2023-11-19 08:03:27.577  INFO 23300 --- [main] org.hibernate.dialect.Dialect            : HHH000400: Using dialect: org.hibernate.dialect.PostgreSQLDialect
2023-11-19 08:03:28.613  INFO 23300 --- [main] o.h.e.t.j.p.i.JtaPlatformInitiator       : HHH000490: Using JtaPlatform implementation: [org.hibernate.engine.transaction.jta.platform.internal.NoJtaPlatform]
2023-11-19 08:03:28.621  INFO 23300 --- [main] j.LocalContainerEntityManagerFactoryBean : Initialized JPA EntityManagerFactory for persistence unit 'default'
2023-11-19 08:03:29.161  INFO 23300 --- [main] c.e.U.f.u.service.impl.UserServiceImpl   : Service create UserEntity called details:CreateUserEntityDto(super=UserEntityDto(id=null, firstname=Mazen, lastname=Hadj Ali, email=hadjalimazen@gmail.com, datenaissance=Sun Nov 19 08:03:29 CET 2023, nationality=Tunisian, adress=Bennane, Monastir, Tunisia, username=superadmin, roleNames=[SUPERADMIN], createdOn=null, lastUpdatedOn=null), password=superadmin)
2023-11-19 08:03:29.524  WARN 23300 --- [main] JpaBaseConfiguration$JpaWebConfiguration : spring.jpa.open-in-view is enabled by default. Therefore, database queries may be performed during view rendering. Explicitly configure spring.jpa.open-in-view to disable this warning
2023-11-19 08:03:29.705  INFO 23300 --- [main] o.s.s.web.DefaultSecurityFilterChain     : Will secure any request with [org.springframework.security.web.session.DisableEncodeUrlFilter@98c4a8b, org.springframework.security.web.context.request.async.WebAsyncManagerIntegrationFilter@130bd00e, org.springframework.security.web.context.SecurityContextPersistenceFilter@3c5d60db, org.springframework.security.web.header.HeaderWriterFilter@e763080, org.springframework.web.filter.CorsFilter@4eb69e8d, org.springframework.security.web.authentication.logout.LogoutFilter@71d0ad00, com.example.UMS.security.JWTAuthenticationFilter@3182143c, org.springframework.security.web.authentication.www.BasicAuthenticationFilter@4b02dc4e, org.springframework.security.web.savedrequest.RequestCacheAwareFilter@102dff25, org.springframework.security.web.servletapi.SecurityContextHolderAwareRequestFilter@216de23a, org.springframework.security.web.authentication.AnonymousAuthenticationFilter@78fd1179, org.springframework.security.web.session.SessionManagementFilter@54972f9a, org.springframework.security.web.access.ExceptionTranslationFilter@7d8a5ec7, org.springframework.security.web.access.intercept.FilterSecurityInterceptor@523e019c]
2023-11-19 08:03:29.934  INFO 23300 --- [main] o.s.b.w.embedded.tomcat.TomcatWebServer  : Tomcat started on port(s): 8080 (http) with context path ''
2023-11-19 08:03:30.005  INFO 23300 --- [http-nio-8080-exec-1] o.a.c.c.C.[Tomcat].[localhost].[/]       : Initializing Spring DispatcherServlet 'dispatcherServlet'
2023-11-19 08:03:30.005  INFO 23300 --- [http-nio-8080-exec-1] o.s.web.servlet.DispatcherServlet        : Initializing Servlet 'dispatcherServlet'
2023-11-19 08:03:30.007  INFO 23300 --- [http-nio-8080-exec-1] o.s.web.servlet.DispatcherServlet        : Completed initialization in 2 ms
2023-11-19 08:03:30.191  INFO 23300 --- [main] com.example.UMS.UmsApplication           : Started UmsApplication in 5.059 seconds (JVM running for 5.727)
2023-11-19 08:05:59.776  INFO 23300 --- [SpringApplicationShutdownHook] j.LocalContainerEntityManagerFactoryBean : Closing JPA EntityManagerFactory for persistence unit 'default'
2023-11-19 08:05:59.777  INFO 23300 --- [SpringApplicationShutdownHook] com.zaxxer.hikari.HikariDataSource       : HikariPool-1 - Shutdown initiated...
2023-11-19 08:05:59.780  INFO 23300 --- [SpringApplicationShutdownHook] com.zaxxer.hikari.HikariDataSource       : HikariPool-1 - Shutdown completed.
2023-11-19 08:06:04.936  INFO 27644 --- [main] com.example.UMS.UmsApplication           : Starting UmsApplication using Java 20.0.2 on HadjAliMazen with PID 27644 (C:\Users\hadja\Desktop\UMS\backend-UMS\target\classes started by hadja in C:\Users\hadja\Desktop\UMS\backend-UMS)
2023-11-19 08:06:04.938  INFO 27644 --- [main] com.example.UMS.UmsApplication           : No active profile set, falling back to 1 default profile: "default"
2023-11-19 08:06:05.624  INFO 27644 --- [main] .s.d.r.c.RepositoryConfigurationDelegate : Bootstrapping Spring Data JPA repositories in DEFAULT mode.
2023-11-19 08:06:05.677  INFO 27644 --- [main] .s.d.r.c.RepositoryConfigurationDelegate : Finished Spring Data repository scanning in 47 ms. Found 3 JPA repository interfaces.
2023-11-19 08:06:06.183  INFO 27644 --- [main] o.s.b.w.embedded.tomcat.TomcatWebServer  : Tomcat initialized with port(s): 8080 (http)
2023-11-19 08:06:06.191  INFO 27644 --- [main] o.apache.catalina.core.StandardService   : Starting service [Tomcat]
2023-11-19 08:06:06.191  INFO 27644 --- [main] org.apache.catalina.core.StandardEngine  : Starting Servlet engine: [Apache Tomcat/9.0.82]
2023-11-19 08:06:06.323  INFO 27644 --- [main] o.a.c.c.C.[Tomcat].[localhost].[/]       : Initializing Spring embedded WebApplicationContext
2023-11-19 08:06:06.323  INFO 27644 --- [main] w.s.c.ServletWebServerApplicationContext : Root WebApplicationContext: initialization completed in 1351 ms
2023-11-19 08:06:06.524  INFO 27644 --- [main] o.hibernate.jpa.internal.util.LogHelper  : HHH000204: Processing PersistenceUnitInfo [name: default]
2023-11-19 08:06:06.570  INFO 27644 --- [main] org.hibernate.Version                    : HHH000412: Hibernate ORM core version 5.6.15.Final
2023-11-19 08:06:06.686  INFO 27644 --- [main] o.hibernate.annotations.common.Version   : HCANN000001: Hibernate Commons Annotations {5.1.2.Final}
2023-11-19 08:06:06.767  INFO 27644 --- [main] com.zaxxer.hikari.HikariDataSource       : HikariPool-1 - Starting...
2023-11-19 08:06:06.869  INFO 27644 --- [main] com.zaxxer.hikari.HikariDataSource       : HikariPool-1 - Start completed.
2023-11-19 08:06:06.881  INFO 27644 --- [main] org.hibernate.dialect.Dialect            : HHH000400: Using dialect: org.hibernate.dialect.PostgreSQLDialect
2023-11-19 08:06:07.479  INFO 27644 --- [main] o.h.e.t.j.p.i.JtaPlatformInitiator       : HHH000490: Using JtaPlatform implementation: [org.hibernate.engine.transaction.jta.platform.internal.NoJtaPlatform]
2023-11-19 08:06:07.487  INFO 27644 --- [main] j.LocalContainerEntityManagerFactoryBean : Initialized JPA EntityManagerFactory for persistence unit 'default'
2023-11-19 08:06:08.063  INFO 27644 --- [main] c.e.U.f.u.service.impl.UserServiceImpl   : Service create UserEntity called details:CreateUserEntityDto(super=UserEntityDto(id=null, firstname=Mazen, lastname=Hadj Ali, email=hadjalimazen@gmail.com, datenaissance=Sun Nov 19 08:06:08 CET 2023, nationality=Tunisian, adress=Bennane, Monastir, Tunisia, username=superadmin, roleNames=[SUPERADMIN], createdOn=null, lastUpdatedOn=null), password=superadmin)
2023-11-19 08:06:08.374  WARN 27644 --- [main] JpaBaseConfiguration$JpaWebConfiguration : spring.jpa.open-in-view is enabled by default. Therefore, database queries may be performed during view rendering. Explicitly configure spring.jpa.open-in-view to disable this warning
2023-11-19 08:06:08.565  INFO 27644 --- [main] o.s.s.web.DefaultSecurityFilterChain     : Will secure any request with [org.springframework.security.web.session.DisableEncodeUrlFilter@5e08ed28, org.springframework.security.web.context.request.async.WebAsyncManagerIntegrationFilter@24b05292, org.springframework.security.web.context.SecurityContextPersistenceFilter@7c290246, org.springframework.security.web.header.HeaderWriterFilter@65a7bc80, org.springframework.web.filter.CorsFilter@34d6e9a4, org.springframework.security.web.authentication.logout.LogoutFilter@31406eab, com.example.UMS.security.JWTAuthenticationFilter@7cb38a6a, org.springframework.security.web.authentication.www.BasicAuthenticationFilter@78fd1179, org.springframework.security.web.savedrequest.RequestCacheAwareFilter@4d305059, org.springframework.security.web.servletapi.SecurityContextHolderAwareRequestFilter@3304362e, org.springframework.security.web.authentication.AnonymousAuthenticationFilter@515a2afd, org.springframework.security.web.session.SessionManagementFilter@102dff25, org.springframework.security.web.access.ExceptionTranslationFilter@599cf2cd, org.springframework.security.web.access.intercept.FilterSecurityInterceptor@23b02f37]
2023-11-19 08:06:08.857  INFO 27644 --- [main] o.s.b.w.embedded.tomcat.TomcatWebServer  : Tomcat started on port(s): 8080 (http) with context path ''
2023-11-19 08:06:09.087  INFO 27644 --- [main] com.example.UMS.UmsApplication           : Started UmsApplication in 4.455 seconds (JVM running for 5.102)
2023-11-19 08:06:21.485  INFO 27644 --- [http-nio-8080-exec-1] o.a.c.c.C.[Tomcat].[localhost].[/]       : Initializing Spring DispatcherServlet 'dispatcherServlet'
2023-11-19 08:06:21.485  INFO 27644 --- [http-nio-8080-exec-1] o.s.web.servlet.DispatcherServlet        : Initializing Servlet 'dispatcherServlet'
2023-11-19 08:06:21.487  INFO 27644 --- [http-nio-8080-exec-1] o.s.web.servlet.DispatcherServlet        : Completed initialization in 1 ms
2023-11-19 08:06:51.383  INFO 27644 --- [SpringApplicationShutdownHook] j.LocalContainerEntityManagerFactoryBean : Closing JPA EntityManagerFactory for persistence unit 'default'
2023-11-19 08:06:51.383  INFO 27644 --- [SpringApplicationShutdownHook] com.zaxxer.hikari.HikariDataSource       : HikariPool-1 - Shutdown initiated...
2023-11-19 08:06:51.386  INFO 27644 --- [SpringApplicationShutdownHook] com.zaxxer.hikari.HikariDataSource       : HikariPool-1 - Shutdown completed.
2023-11-19 08:23:20.712  INFO 8324 --- [main] com.example.UMS.UmsApplication           : Starting UmsApplication using Java 20.0.2 on HadjAliMazen with PID 8324 (C:\Users\hadja\Desktop\UMS\backend-UMS\target\classes started by hadja in C:\Users\hadja\Desktop\UMS\backend-UMS)
2023-11-19 08:23:20.715  INFO 8324 --- [main] com.example.UMS.UmsApplication           : No active profile set, falling back to 1 default profile: "default"
2023-11-19 08:23:21.503  INFO 8324 --- [main] .s.d.r.c.RepositoryConfigurationDelegate : Bootstrapping Spring Data JPA repositories in DEFAULT mode.
2023-11-19 08:23:21.566  INFO 8324 --- [main] .s.d.r.c.RepositoryConfigurationDelegate : Finished Spring Data repository scanning in 56 ms. Found 3 JPA repository interfaces.
2023-11-19 08:23:22.439  INFO 8324 --- [main] o.s.b.w.embedded.tomcat.TomcatWebServer  : Tomcat initialized with port(s): 8080 (http)
2023-11-19 08:23:22.463  INFO 8324 --- [main] o.apache.catalina.core.StandardService   : Starting service [Tomcat]
2023-11-19 08:23:22.464  INFO 8324 --- [main] org.apache.catalina.core.StandardEngine  : Starting Servlet engine: [Apache Tomcat/9.0.82]
2023-11-19 08:23:22.683  INFO 8324 --- [main] o.a.c.c.C.[Tomcat].[localhost].[/]       : Initializing Spring embedded WebApplicationContext
2023-11-19 08:23:22.684  INFO 8324 --- [main] w.s.c.ServletWebServerApplicationContext : Root WebApplicationContext: initialization completed in 1911 ms
2023-11-19 08:23:22.942  INFO 8324 --- [main] o.hibernate.jpa.internal.util.LogHelper  : HHH000204: Processing PersistenceUnitInfo [name: default]
2023-11-19 08:23:22.987  INFO 8324 --- [main] org.hibernate.Version                    : HHH000412: Hibernate ORM core version 5.6.15.Final
2023-11-19 08:23:23.133  INFO 8324 --- [main] o.hibernate.annotations.common.Version   : HCANN000001: Hibernate Commons Annotations {5.1.2.Final}
2023-11-19 08:23:23.210  INFO 8324 --- [main] com.zaxxer.hikari.HikariDataSource       : HikariPool-1 - Starting...
2023-11-19 08:23:23.304  INFO 8324 --- [main] com.zaxxer.hikari.HikariDataSource       : HikariPool-1 - Start completed.
2023-11-19 08:23:23.316  INFO 8324 --- [main] org.hibernate.dialect.Dialect            : HHH000400: Using dialect: org.hibernate.dialect.PostgreSQLDialect
2023-11-19 08:23:23.925  INFO 8324 --- [main] o.h.e.t.j.p.i.JtaPlatformInitiator       : HHH000490: Using JtaPlatform implementation: [org.hibernate.engine.transaction.jta.platform.internal.NoJtaPlatform]
2023-11-19 08:23:23.935  INFO 8324 --- [main] j.LocalContainerEntityManagerFactoryBean : Initialized JPA EntityManagerFactory for persistence unit 'default'
2023-11-19 08:23:24.582  INFO 8324 --- [main] c.e.U.f.u.service.impl.UserServiceImpl   : Service create UserEntity called details:CreateUserEntityDto(super=UserEntityDto(id=null, firstname=Mazen, lastname=Hadj Ali, email=hadjalimazen@gmail.com, datenaissance=Sun Nov 19 08:23:24 CET 2023, nationality=Tunisian, adress=Bennane, Monastir, Tunisia, username=superadmin, roleNames=[SUPERADMIN], createdOn=null, lastUpdatedOn=null), password=superadmin)
2023-11-19 08:23:24.959  WARN 8324 --- [main] JpaBaseConfiguration$JpaWebConfiguration : spring.jpa.open-in-view is enabled by default. Therefore, database queries may be performed during view rendering. Explicitly configure spring.jpa.open-in-view to disable this warning
2023-11-19 08:23:25.201  INFO 8324 --- [main] o.s.s.web.DefaultSecurityFilterChain     : Will secure any request with [org.springframework.security.web.session.DisableEncodeUrlFilter@515a2afd, org.springframework.security.web.context.request.async.WebAsyncManagerIntegrationFilter@4822fc53, org.springframework.security.web.context.SecurityContextPersistenceFilter@3304362e, org.springframework.security.web.header.HeaderWriterFilter@a486851, org.springframework.web.filter.CorsFilter@6e200307, org.springframework.security.web.authentication.logout.LogoutFilter@2f6f2d91, com.example.UMS.security.JWTAuthenticationFilter@629cf53c, org.springframework.security.web.authentication.www.BasicAuthenticationFilter@24b05292, org.springframework.security.web.savedrequest.RequestCacheAwareFilter@146b4c6c, org.springframework.security.web.servletapi.SecurityContextHolderAwareRequestFilter@5b166420, org.springframework.security.web.authentication.AnonymousAuthenticationFilter@6db84cae, org.springframework.security.web.session.SessionManagementFilter@7c290246, org.springframework.security.web.access.ExceptionTranslationFilter@65a7bc80, org.springframework.security.web.access.intercept.FilterSecurityInterceptor@57f83dc7]
2023-11-19 08:23:25.447  INFO 8324 --- [main] o.s.b.w.embedded.tomcat.TomcatWebServer  : Tomcat started on port(s): 8080 (http) with context path ''
2023-11-19 08:23:25.640  INFO 8324 --- [main] com.example.UMS.UmsApplication           : Started UmsApplication in 5.255 seconds (JVM running for 5.892)
2023-11-19 08:23:46.769  INFO 8324 --- [http-nio-8080-exec-1] o.a.c.c.C.[Tomcat].[localhost].[/]       : Initializing Spring DispatcherServlet 'dispatcherServlet'
2023-11-19 08:23:46.769  INFO 8324 --- [http-nio-8080-exec-1] o.s.web.servlet.DispatcherServlet        : Initializing Servlet 'dispatcherServlet'
2023-11-19 08:23:46.770  INFO 8324 --- [http-nio-8080-exec-1] o.s.web.servlet.DispatcherServlet        : Completed initialization in 1 ms
2023-11-19 08:25:12.328  INFO 8324 --- [SpringApplicationShutdownHook] j.LocalContainerEntityManagerFactoryBean : Closing JPA EntityManagerFactory for persistence unit 'default'
2023-11-19 08:25:12.330  INFO 8324 --- [SpringApplicationShutdownHook] com.zaxxer.hikari.HikariDataSource       : HikariPool-1 - Shutdown initiated...
2023-11-19 08:25:12.333  INFO 8324 --- [SpringApplicationShutdownHook] com.zaxxer.hikari.HikariDataSource       : HikariPool-1 - Shutdown completed.
2023-11-19 08:25:17.448  INFO 22652 --- [main] com.example.UMS.UmsApplication           : Starting UmsApplication using Java 20.0.2 on HadjAliMazen with PID 22652 (C:\Users\hadja\Desktop\UMS\backend-UMS\target\classes started by hadja in C:\Users\hadja\Desktop\UMS\backend-UMS)
2023-11-19 08:25:17.451  INFO 22652 --- [main] com.example.UMS.UmsApplication           : No active profile set, falling back to 1 default profile: "default"
2023-11-19 08:25:18.246  INFO 22652 --- [main] .s.d.r.c.RepositoryConfigurationDelegate : Bootstrapping Spring Data JPA repositories in DEFAULT mode.
2023-11-19 08:25:18.312  INFO 22652 --- [main] .s.d.r.c.RepositoryConfigurationDelegate : Finished Spring Data repository scanning in 57 ms. Found 3 JPA repository interfaces.
2023-11-19 08:25:18.964  INFO 22652 --- [main] o.s.b.w.embedded.tomcat.TomcatWebServer  : Tomcat initialized with port(s): 8080 (http)
2023-11-19 08:25:18.975  INFO 22652 --- [main] o.apache.catalina.core.StandardService   : Starting service [Tomcat]
2023-11-19 08:25:18.976  INFO 22652 --- [main] org.apache.catalina.core.StandardEngine  : Starting Servlet engine: [Apache Tomcat/9.0.82]
2023-11-19 08:25:19.124  INFO 22652 --- [main] o.a.c.c.C.[Tomcat].[localhost].[/]       : Initializing Spring embedded WebApplicationContext
2023-11-19 08:25:19.125  INFO 22652 --- [main] w.s.c.ServletWebServerApplicationContext : Root WebApplicationContext: initialization completed in 1627 ms
2023-11-19 08:25:19.359  INFO 22652 --- [main] o.hibernate.jpa.internal.util.LogHelper  : HHH000204: Processing PersistenceUnitInfo [name: default]
2023-11-19 08:25:19.425  INFO 22652 --- [main] org.hibernate.Version                    : HHH000412: Hibernate ORM core version 5.6.15.Final
2023-11-19 08:25:19.604  INFO 22652 --- [main] o.hibernate.annotations.common.Version   : HCANN000001: Hibernate Commons Annotations {5.1.2.Final}
2023-11-19 08:25:19.763  INFO 22652 --- [main] com.zaxxer.hikari.HikariDataSource       : HikariPool-1 - Starting...
2023-11-19 08:25:19.967  INFO 22652 --- [main] com.zaxxer.hikari.HikariDataSource       : HikariPool-1 - Start completed.
2023-11-19 08:25:19.994  INFO 22652 --- [main] org.hibernate.dialect.Dialect            : HHH000400: Using dialect: org.hibernate.dialect.PostgreSQLDialect
2023-11-19 08:25:20.886  INFO 22652 --- [main] o.h.e.t.j.p.i.JtaPlatformInitiator       : HHH000490: Using JtaPlatform implementation: [org.hibernate.engine.transaction.jta.platform.internal.NoJtaPlatform]
2023-11-19 08:25:20.895  INFO 22652 --- [main] j.LocalContainerEntityManagerFactoryBean : Initialized JPA EntityManagerFactory for persistence unit 'default'
2023-11-19 08:25:21.592  INFO 22652 --- [main] c.e.U.f.u.service.impl.UserServiceImpl   : Service create UserEntity called details:CreateUserEntityDto(super=UserEntityDto(id=null, firstname=Mazen, lastname=Hadj Ali, email=hadjalimazen@gmail.com, datenaissance=Sun Nov 19 08:25:21 CET 2023, nationality=Tunisian, adress=Bennane, Monastir, Tunisia, username=superadmin, roleNames=[SUPERADMIN], createdOn=null, lastUpdatedOn=null), password=superadmin)
2023-11-19 08:25:21.938  WARN 22652 --- [main] JpaBaseConfiguration$JpaWebConfiguration : spring.jpa.open-in-view is enabled by default. Therefore, database queries may be performed during view rendering. Explicitly configure spring.jpa.open-in-view to disable this warning
2023-11-19 08:25:22.168  INFO 22652 --- [main] o.s.s.web.DefaultSecurityFilterChain     : Will secure any request with [org.springframework.security.web.session.DisableEncodeUrlFilter@3ad5f99, org.springframework.security.web.context.request.async.WebAsyncManagerIntegrationFilter@72b4ecb2, org.springframework.security.web.context.SecurityContextPersistenceFilter@e196238, org.springframework.security.web.header.HeaderWriterFilter@41fe0d98, org.springframework.web.filter.CorsFilter@457dc809, org.springframework.security.web.authentication.logout.LogoutFilter@52539624, com.example.UMS.security.JWTAuthenticationFilter@236206f8, org.springframework.security.web.authentication.www.BasicAuthenticationFilter@6b9b9cb9, org.springframework.security.web.savedrequest.RequestCacheAwareFilter@65384249, org.springframework.security.web.servletapi.SecurityContextHolderAwareRequestFilter@6441db2c, org.springframework.security.web.authentication.AnonymousAuthenticationFilter@5687ba39, org.springframework.security.web.session.SessionManagementFilter@37bac0f4, org.springframework.security.web.access.ExceptionTranslationFilter@32c114d9, org.springframework.security.web.access.intercept.FilterSecurityInterceptor@24244ea]
2023-11-19 08:25:22.499  INFO 22652 --- [main] o.s.b.w.embedded.tomcat.TomcatWebServer  : Tomcat started on port(s): 8080 (http) with context path ''
2023-11-19 08:25:22.743  INFO 22652 --- [main] com.example.UMS.UmsApplication           : Started UmsApplication in 5.73 seconds (JVM running for 6.632)
2023-11-19 08:25:35.816  INFO 22652 --- [http-nio-8080-exec-1] o.a.c.c.C.[Tomcat].[localhost].[/]       : Initializing Spring DispatcherServlet 'dispatcherServlet'
2023-11-19 08:25:35.817  INFO 22652 --- [http-nio-8080-exec-1] o.s.web.servlet.DispatcherServlet        : Initializing Servlet 'dispatcherServlet'
2023-11-19 08:25:35.818  INFO 22652 --- [http-nio-8080-exec-1] o.s.web.servlet.DispatcherServlet        : Completed initialization in 1 ms
2023-11-19 08:27:12.974  INFO 22652 --- [SpringApplicationShutdownHook] j.LocalContainerEntityManagerFactoryBean : Closing JPA EntityManagerFactory for persistence unit 'default'
2023-11-19 08:27:12.975  INFO 22652 --- [SpringApplicationShutdownHook] com.zaxxer.hikari.HikariDataSource       : HikariPool-1 - Shutdown initiated...
2023-11-19 08:27:12.978  INFO 22652 --- [SpringApplicationShutdownHook] com.zaxxer.hikari.HikariDataSource       : HikariPool-1 - Shutdown completed.
2023-11-19 08:27:16.823  INFO 22532 --- [main] com.example.UMS.UmsApplication           : Starting UmsApplication using Java 20.0.2 on HadjAliMazen with PID 22532 (C:\Users\hadja\Desktop\UMS\backend-UMS\target\classes started by hadja in C:\Users\hadja\Desktop\UMS\backend-UMS)
2023-11-19 08:27:16.826  INFO 22532 --- [main] com.example.UMS.UmsApplication           : No active profile set, falling back to 1 default profile: "default"
2023-11-19 08:27:17.565  INFO 22532 --- [main] .s.d.r.c.RepositoryConfigurationDelegate : Bootstrapping Spring Data JPA repositories in DEFAULT mode.
2023-11-19 08:27:17.621  INFO 22532 --- [main] .s.d.r.c.RepositoryConfigurationDelegate : Finished Spring Data repository scanning in 50 ms. Found 3 JPA repository interfaces.
2023-11-19 08:27:18.147  INFO 22532 --- [main] o.s.b.w.embedded.tomcat.TomcatWebServer  : Tomcat initialized with port(s): 8080 (http)
2023-11-19 08:27:18.153  INFO 22532 --- [main] o.apache.catalina.core.StandardService   : Starting service [Tomcat]
2023-11-19 08:27:18.153  INFO 22532 --- [main] org.apache.catalina.core.StandardEngine  : Starting Servlet engine: [Apache Tomcat/9.0.82]
2023-11-19 08:27:18.251  INFO 22532 --- [main] o.a.c.c.C.[Tomcat].[localhost].[/]       : Initializing Spring embedded WebApplicationContext
2023-11-19 08:27:18.252  INFO 22532 --- [main] w.s.c.ServletWebServerApplicationContext : Root WebApplicationContext: initialization completed in 1388 ms
2023-11-19 08:27:18.405  INFO 22532 --- [main] o.hibernate.jpa.internal.util.LogHelper  : HHH000204: Processing PersistenceUnitInfo [name: default]
2023-11-19 08:27:18.444  INFO 22532 --- [main] org.hibernate.Version                    : HHH000412: Hibernate ORM core version 5.6.15.Final
2023-11-19 08:27:18.576  INFO 22532 --- [main] o.hibernate.annotations.common.Version   : HCANN000001: Hibernate Commons Annotations {5.1.2.Final}
2023-11-19 08:27:18.660  INFO 22532 --- [main] com.zaxxer.hikari.HikariDataSource       : HikariPool-1 - Starting...
2023-11-19 08:27:18.763  INFO 22532 --- [main] com.zaxxer.hikari.HikariDataSource       : HikariPool-1 - Start completed.
2023-11-19 08:27:18.777  INFO 22532 --- [main] org.hibernate.dialect.Dialect            : HHH000400: Using dialect: org.hibernate.dialect.PostgreSQLDialect
2023-11-19 08:27:19.427  INFO 22532 --- [main] o.h.e.t.j.p.i.JtaPlatformInitiator       : HHH000490: Using JtaPlatform implementation: [org.hibernate.engine.transaction.jta.platform.internal.NoJtaPlatform]
2023-11-19 08:27:19.435  INFO 22532 --- [main] j.LocalContainerEntityManagerFactoryBean : Initialized JPA EntityManagerFactory for persistence unit 'default'
2023-11-19 08:27:20.007  INFO 22532 --- [main] c.e.U.f.u.service.impl.UserServiceImpl   : Service create UserEntity called details:CreateUserEntityDto(super=UserEntityDto(id=null, firstname=Mazen, lastname=Hadj Ali, email=hadjalimazen@gmail.com, datenaissance=Sun Nov 19 08:27:20 CET 2023, nationality=Tunisian, adress=Bennane, Monastir, Tunisia, username=superadmin, roleNames=[SUPERADMIN], createdOn=null, lastUpdatedOn=null), password=superadmin)
2023-11-19 08:27:20.297  WARN 22532 --- [main] JpaBaseConfiguration$JpaWebConfiguration : spring.jpa.open-in-view is enabled by default. Therefore, database queries may be performed during view rendering. Explicitly configure spring.jpa.open-in-view to disable this warning
2023-11-19 08:27:20.474  INFO 22532 --- [main] o.s.s.web.DefaultSecurityFilterChain     : Will secure any request with [org.springframework.security.web.session.DisableEncodeUrlFilter@6e200307, org.springframework.security.web.context.request.async.WebAsyncManagerIntegrationFilter@6db84cae, org.springframework.security.web.context.SecurityContextPersistenceFilter@146b4c6c, org.springframework.security.web.header.HeaderWriterFilter@1001b435, org.springframework.web.filter.CorsFilter@6db59e26, org.springframework.security.web.authentication.logout.LogoutFilter@139da216, com.example.UMS.security.JWTAuthenticationFilter@2adce412, org.springframework.security.web.authentication.www.BasicAuthenticationFilter@515a2afd, org.springframework.security.web.savedrequest.RequestCacheAwareFilter@49318c2a, org.springframework.security.web.servletapi.SecurityContextHolderAwareRequestFilter@17adbecf, org.springframework.security.web.authentication.AnonymousAuthenticationFilter@32aa27a7, org.springframework.security.web.session.SessionManagementFilter@4d305059, org.springframework.security.web.access.ExceptionTranslationFilter@4b98c80c, org.springframework.security.web.access.intercept.FilterSecurityInterceptor@696d28ee]
2023-11-19 08:27:20.730  INFO 22532 --- [main] o.s.b.w.embedded.tomcat.TomcatWebServer  : Tomcat started on port(s): 8080 (http) with context path ''
2023-11-19 08:27:20.924  INFO 22532 --- [main] com.example.UMS.UmsApplication           : Started UmsApplication in 4.402 seconds (JVM running for 5.008)
2023-11-19 08:27:53.111  INFO 22532 --- [http-nio-8080-exec-1] o.a.c.c.C.[Tomcat].[localhost].[/]       : Initializing Spring DispatcherServlet 'dispatcherServlet'
2023-11-19 08:27:53.112  INFO 22532 --- [http-nio-8080-exec-1] o.s.web.servlet.DispatcherServlet        : Initializing Servlet 'dispatcherServlet'
2023-11-19 08:27:53.113  INFO 22532 --- [http-nio-8080-exec-1] o.s.web.servlet.DispatcherServlet        : Completed initialization in 1 ms
2023-11-19 08:29:27.000  INFO 22532 --- [SpringApplicationShutdownHook] j.LocalContainerEntityManagerFactoryBean : Closing JPA EntityManagerFactory for persistence unit 'default'
2023-11-19 08:29:27.001  INFO 22532 --- [SpringApplicationShutdownHook] com.zaxxer.hikari.HikariDataSource       : HikariPool-1 - Shutdown initiated...
2023-11-19 08:29:27.003  INFO 22532 --- [SpringApplicationShutdownHook] com.zaxxer.hikari.HikariDataSource       : HikariPool-1 - Shutdown completed.
2023-11-19 08:29:31.055  INFO 2164 --- [main] com.example.UMS.UmsApplication           : Starting UmsApplication using Java 20.0.2 on HadjAliMazen with PID 2164 (C:\Users\hadja\Desktop\UMS\backend-UMS\target\classes started by hadja in C:\Users\hadja\Desktop\UMS\backend-UMS)
2023-11-19 08:29:31.059  INFO 2164 --- [main] com.example.UMS.UmsApplication           : No active profile set, falling back to 1 default profile: "default"
2023-11-19 08:29:31.783  INFO 2164 --- [main] .s.d.r.c.RepositoryConfigurationDelegate : Bootstrapping Spring Data JPA repositories in DEFAULT mode.
2023-11-19 08:29:31.844  INFO 2164 --- [main] .s.d.r.c.RepositoryConfigurationDelegate : Finished Spring Data repository scanning in 53 ms. Found 3 JPA repository interfaces.
2023-11-19 08:29:32.376  INFO 2164 --- [main] o.s.b.w.embedded.tomcat.TomcatWebServer  : Tomcat initialized with port(s): 8080 (http)
2023-11-19 08:29:32.382  INFO 2164 --- [main] o.apache.catalina.core.StandardService   : Starting service [Tomcat]
2023-11-19 08:29:32.382  INFO 2164 --- [main] org.apache.catalina.core.StandardEngine  : Starting Servlet engine: [Apache Tomcat/9.0.82]
2023-11-19 08:29:32.492  INFO 2164 --- [main] o.a.c.c.C.[Tomcat].[localhost].[/]       : Initializing Spring embedded WebApplicationContext
2023-11-19 08:29:32.492  INFO 2164 --- [main] w.s.c.ServletWebServerApplicationContext : Root WebApplicationContext: initialization completed in 1399 ms
2023-11-19 08:29:32.663  INFO 2164 --- [main] o.hibernate.jpa.internal.util.LogHelper  : HHH000204: Processing PersistenceUnitInfo [name: default]
2023-11-19 08:29:32.700  INFO 2164 --- [main] org.hibernate.Version                    : HHH000412: Hibernate ORM core version 5.6.15.Final
2023-11-19 08:29:32.817  INFO 2164 --- [main] o.hibernate.annotations.common.Version   : HCANN000001: Hibernate Commons Annotations {5.1.2.Final}
2023-11-19 08:29:32.895  INFO 2164 --- [main] com.zaxxer.hikari.HikariDataSource       : HikariPool-1 - Starting...
2023-11-19 08:29:32.994  INFO 2164 --- [main] com.zaxxer.hikari.HikariDataSource       : HikariPool-1 - Start completed.
2023-11-19 08:29:33.006  INFO 2164 --- [main] org.hibernate.dialect.Dialect            : HHH000400: Using dialect: org.hibernate.dialect.PostgreSQLDialect
2023-11-19 08:29:33.592  INFO 2164 --- [main] o.h.e.t.j.p.i.JtaPlatformInitiator       : HHH000490: Using JtaPlatform implementation: [org.hibernate.engine.transaction.jta.platform.internal.NoJtaPlatform]
2023-11-19 08:29:33.601  INFO 2164 --- [main] j.LocalContainerEntityManagerFactoryBean : Initialized JPA EntityManagerFactory for persistence unit 'default'
2023-11-19 08:29:34.172  INFO 2164 --- [main] c.e.U.f.u.service.impl.UserServiceImpl   : Service create UserEntity called details:CreateUserEntityDto(super=UserEntityDto(id=null, firstname=Mazen, lastname=Hadj Ali, email=hadjalimazen@gmail.com, datenaissance=Sun Nov 19 08:29:34 CET 2023, nationality=Tunisian, adress=Bennane, Monastir, Tunisia, username=superadmin, roleNames=[SUPERADMIN], createdOn=null, lastUpdatedOn=null), password=superadmin)
2023-11-19 08:29:34.464  WARN 2164 --- [main] JpaBaseConfiguration$JpaWebConfiguration : spring.jpa.open-in-view is enabled by default. Therefore, database queries may be performed during view rendering. Explicitly configure spring.jpa.open-in-view to disable this warning
2023-11-19 08:29:34.649  INFO 2164 --- [main] o.s.s.web.DefaultSecurityFilterChain     : Will secure any request with [org.springframework.security.web.session.DisableEncodeUrlFilter@5c7c22ce, org.springframework.security.web.context.request.async.WebAsyncManagerIntegrationFilter@738ed8d3, org.springframework.security.web.context.SecurityContextPersistenceFilter@59eb987a, org.springframework.security.web.header.HeaderWriterFilter@706dee4, org.springframework.web.filter.CorsFilter@328b2c2a, org.springframework.security.web.authentication.logout.LogoutFilter@1ef8f7e6, com.example.UMS.security.JWTAuthenticationFilter@3113595e, org.springframework.security.web.authentication.www.BasicAuthenticationFilter@6db59e26, org.springframework.security.web.savedrequest.RequestCacheAwareFilter@74214ac3, org.springframework.security.web.servletapi.SecurityContextHolderAwareRequestFilter@e00c94e, org.springframework.security.web.authentication.AnonymousAuthenticationFilter@517fb2c3, org.springframework.security.web.session.SessionManagementFilter@5b166420, org.springframework.security.web.access.ExceptionTranslationFilter@1dd4c691, org.springframework.security.web.access.intercept.FilterSecurityInterceptor@60b8c05c]
2023-11-19 08:29:34.910  INFO 2164 --- [main] o.s.b.w.embedded.tomcat.TomcatWebServer  : Tomcat started on port(s): 8080 (http) with context path ''
2023-11-19 08:29:35.107  INFO 2164 --- [main] com.example.UMS.UmsApplication           : Started UmsApplication in 4.357 seconds (JVM running for 4.99)
2023-11-19 08:29:40.380  INFO 2164 --- [http-nio-8080-exec-2] o.a.c.c.C.[Tomcat].[localhost].[/]       : Initializing Spring DispatcherServlet 'dispatcherServlet'
2023-11-19 08:29:40.380  INFO 2164 --- [http-nio-8080-exec-2] o.s.web.servlet.DispatcherServlet        : Initializing Servlet 'dispatcherServlet'
2023-11-19 08:29:40.382  INFO 2164 --- [http-nio-8080-exec-2] o.s.web.servlet.DispatcherServlet        : Completed initialization in 2 ms
2023-11-19 08:31:03.361  INFO 2164 --- [SpringApplicationShutdownHook] j.LocalContainerEntityManagerFactoryBean : Closing JPA EntityManagerFactory for persistence unit 'default'
2023-11-19 08:31:03.363  INFO 2164 --- [SpringApplicationShutdownHook] com.zaxxer.hikari.HikariDataSource       : HikariPool-1 - Shutdown initiated...
2023-11-19 08:31:03.367  INFO 2164 --- [SpringApplicationShutdownHook] com.zaxxer.hikari.HikariDataSource       : HikariPool-1 - Shutdown completed.
2023-11-19 08:31:07.314  INFO 25284 --- [main] com.example.UMS.UmsApplication           : Starting UmsApplication using Java 20.0.2 on HadjAliMazen with PID 25284 (C:\Users\hadja\Desktop\UMS\backend-UMS\target\classes started by hadja in C:\Users\hadja\Desktop\UMS\backend-UMS)
2023-11-19 08:31:07.316  INFO 25284 --- [main] com.example.UMS.UmsApplication           : No active profile set, falling back to 1 default profile: "default"
2023-11-19 08:31:07.981  INFO 25284 --- [main] .s.d.r.c.RepositoryConfigurationDelegate : Bootstrapping Spring Data JPA repositories in DEFAULT mode.
2023-11-19 08:31:08.038  INFO 25284 --- [main] .s.d.r.c.RepositoryConfigurationDelegate : Finished Spring Data repository scanning in 51 ms. Found 3 JPA repository interfaces.
2023-11-19 08:31:08.548  INFO 25284 --- [main] o.s.b.w.embedded.tomcat.TomcatWebServer  : Tomcat initialized with port(s): 8080 (http)
2023-11-19 08:31:08.555  INFO 25284 --- [main] o.apache.catalina.core.StandardService   : Starting service [Tomcat]
2023-11-19 08:31:08.555  INFO 25284 --- [main] org.apache.catalina.core.StandardEngine  : Starting Servlet engine: [Apache Tomcat/9.0.82]
2023-11-19 08:31:08.645  INFO 25284 --- [main] o.a.c.c.C.[Tomcat].[localhost].[/]       : Initializing Spring embedded WebApplicationContext
2023-11-19 08:31:08.645  INFO 25284 --- [main] w.s.c.ServletWebServerApplicationContext : Root WebApplicationContext: initialization completed in 1292 ms
2023-11-19 08:31:08.800  INFO 25284 --- [main] o.hibernate.jpa.internal.util.LogHelper  : HHH000204: Processing PersistenceUnitInfo [name: default]
2023-11-19 08:31:08.836  INFO 25284 --- [main] org.hibernate.Version                    : HHH000412: Hibernate ORM core version 5.6.15.Final
2023-11-19 08:31:08.959  INFO 25284 --- [main] o.hibernate.annotations.common.Version   : HCANN000001: Hibernate Commons Annotations {5.1.2.Final}
2023-11-19 08:31:09.038  INFO 25284 --- [main] com.zaxxer.hikari.HikariDataSource       : HikariPool-1 - Starting...
2023-11-19 08:31:09.147  INFO 25284 --- [main] com.zaxxer.hikari.HikariDataSource       : HikariPool-1 - Start completed.
2023-11-19 08:31:09.160  INFO 25284 --- [main] org.hibernate.dialect.Dialect            : HHH000400: Using dialect: org.hibernate.dialect.PostgreSQLDialect
2023-11-19 08:31:09.768  INFO 25284 --- [main] o.h.e.t.j.p.i.JtaPlatformInitiator       : HHH000490: Using JtaPlatform implementation: [org.hibernate.engine.transaction.jta.platform.internal.NoJtaPlatform]
2023-11-19 08:31:09.776  INFO 25284 --- [main] j.LocalContainerEntityManagerFactoryBean : Initialized JPA EntityManagerFactory for persistence unit 'default'
2023-11-19 08:31:10.326  INFO 25284 --- [main] c.e.U.f.u.service.impl.UserServiceImpl   : Service create UserEntity called details:CreateUserEntityDto(super=UserEntityDto(id=null, firstname=Mazen, lastname=Hadj Ali, email=hadjalimazen@gmail.com, datenaissance=Sun Nov 19 08:31:10 CET 2023, nationality=Tunisian, adress=Bennane, Monastir, Tunisia, username=superadmin, roleNames=[SUPERADMIN], createdOn=null, lastUpdatedOn=null), password=superadmin)
2023-11-19 08:31:10.620  WARN 25284 --- [main] JpaBaseConfiguration$JpaWebConfiguration : spring.jpa.open-in-view is enabled by default. Therefore, database queries may be performed during view rendering. Explicitly configure spring.jpa.open-in-view to disable this warning
2023-11-19 08:31:10.810  INFO 25284 --- [main] o.s.s.web.DefaultSecurityFilterChain     : Will secure any request with [org.springframework.security.web.session.DisableEncodeUrlFilter@34d6e9a4, org.springframework.security.web.context.request.async.WebAsyncManagerIntegrationFilter@515a2afd, org.springframework.security.web.context.SecurityContextPersistenceFilter@4d305059, org.springframework.security.web.header.HeaderWriterFilter@4b98c80c, org.springframework.web.filter.CorsFilter@4822fc53, org.springframework.security.web.authentication.logout.LogoutFilter@31f90517, com.example.UMS.security.JWTAuthenticationFilter@629cf53c, org.springframework.security.web.authentication.www.BasicAuthenticationFilter@5e08ed28, org.springframework.security.web.savedrequest.RequestCacheAwareFilter@78b293a, org.springframework.security.web.servletapi.SecurityContextHolderAwareRequestFilter@146b4c6c, org.springframework.security.web.authentication.AnonymousAuthenticationFilter@6e200307, org.springframework.security.web.session.SessionManagementFilter@76e10574, org.springframework.security.web.access.ExceptionTranslationFilter@6dd59886, org.springframework.security.web.access.intercept.FilterSecurityInterceptor@7d619bcb]
2023-11-19 08:31:11.054  INFO 25284 --- [main] o.s.b.w.embedded.tomcat.TomcatWebServer  : Tomcat started on port(s): 8080 (http) with context path ''
2023-11-19 08:31:11.258  INFO 25284 --- [main] com.example.UMS.UmsApplication           : Started UmsApplication in 4.249 seconds (JVM running for 4.821)
2023-11-19 08:31:33.527  INFO 25284 --- [http-nio-8080-exec-1] o.a.c.c.C.[Tomcat].[localhost].[/]       : Initializing Spring DispatcherServlet 'dispatcherServlet'
2023-11-19 08:31:33.527  INFO 25284 --- [http-nio-8080-exec-1] o.s.web.servlet.DispatcherServlet        : Initializing Servlet 'dispatcherServlet'
2023-11-19 08:31:33.529  INFO 25284 --- [http-nio-8080-exec-1] o.s.web.servlet.DispatcherServlet        : Completed initialization in 1 ms
